"D:/Proiecte/UE4/First_Game_2/Content/Geometry/Meshes/CubeMaterial.uasset" 0
"D:/Proiecte/UE4/First_Game_2/Content/Geometry/Meshes/1M_Cube.uasset" 1
"D:/Proiecte/UE4/First_Game_2/Content/Geometry/Meshes/1M_Cube_Chamfer.uasset" 2
"D:/Proiecte/UE4/First_Game_2/Content/Geometry/Meshes/TemplateFloor.uasset" 3
"D:/Proiecte/UE4/First_Game_2/Content/Mannequin/Character/Mesh/UE4_Mannequin_Skeleton.uasset" 4
"D:/Proiecte/UE4/First_Game_2/Content/Mannequin/Animations/ThirdPersonJump_End.uasset" 5
"../../../Engine/Content/EditorBlueprintResources/StandardMacros.uasset" 6
"D:/Proiecte/UE4/First_Game_2/Content/Mannequin/Animations/ThirdPersonWalk.uasset" 7
"D:/Proiecte/UE4/First_Game_2/Content/Mannequin/Animations/ThirdPersonRun.uasset" 8
"D:/Proiecte/UE4/First_Game_2/Content/Mannequin/Animations/ThirdPersonIdle.uasset" 9
"D:/Proiecte/UE4/First_Game_2/Content/Mannequin/Animations/ThirdPerson_IdleRun_2D.uasset" 10
"D:/Proiecte/UE4/First_Game_2/Content/Mannequin/Animations/ThirdPerson_Jump.uasset" 11
"D:/Proiecte/UE4/First_Game_2/Content/Mannequin/Animations/ThirdPersonJump_Start.uasset" 12
"D:/Proiecte/UE4/First_Game_2/Content/Mannequin/Animations/ThirdPersonJump_Loop.uasset" 13
"D:/Proiecte/UE4/First_Game_2/Content/Mannequin/Animations/ThirdPerson_AnimBP.uasset" 14
"D:/Proiecte/UE4/First_Game_2/Content/Mannequin/Character/Mesh/SK_Mannequin_PhysicsAsset.uasset" 15
"D:/Proiecte/UE4/First_Game_2/Content/Mannequin/Character/Textures/T_UE4Logo_N.uasset" 16
"D:/Proiecte/UE4/First_Game_2/Content/Mannequin/Character/Textures/T_UE4Logo_Mask.uasset" 17
"D:/Proiecte/UE4/First_Game_2/Content/Mannequin/Character/Textures/T_Male_N.uasset" 18
"D:/Proiecte/UE4/First_Game_2/Content/Mannequin/Character/Textures/T_Male_Mask.uasset" 19
"D:/Proiecte/UE4/First_Game_2/Content/Mannequin/Character/Materials/MaterialLayers/T_ML_Rubber_Blue_01_N.uasset" 20
"D:/Proiecte/UE4/First_Game_2/Content/Mannequin/Character/Materials/MaterialLayers/T_ML_Rubber_Blue_01_D.uasset" 21
"D:/Proiecte/UE4/First_Game_2/Content/Mannequin/Character/Materials/MaterialLayers/T_ML_Aluminum01_N.uasset" 22
"D:/Proiecte/UE4/First_Game_2/Content/Mannequin/Character/Materials/MaterialLayers/T_ML_Aluminum01.uasset" 23
"D:/Proiecte/UE4/First_Game_2/Content/Mannequin/Character/Materials/MaterialLayers/ML_SoftMetal_UE4.uasset" 24
"D:/Proiecte/UE4/First_Game_2/Content/Mannequin/Character/Materials/MaterialLayers/ML_Plastic_Shiny_Beige_LOGO.uasset" 25
"D:/Proiecte/UE4/First_Game_2/Content/Mannequin/Character/Materials/MaterialLayers/ML_Plastic_Shiny_Beige.uasset" 26
"D:/Proiecte/UE4/First_Game_2/Content/Mannequin/Character/Materials/MaterialLayers/ML_GlossyBlack_Latex_UE4.uasset" 27
"../../../Engine/Content/Functions/MaterialLayerFunctions/MatLayerBlend_Simple.uasset" 28
"../../../Engine/Content/Functions/Engine_MaterialFunctions02/Utility/BlendAngleCorrectedNormals.uasset" 29
"../../../Engine/Content/Functions/MaterialLayerFunctions/MatLayerBlend_NormalBlend.uasset" 30
"D:/Proiecte/UE4/First_Game_2/Content/Mannequin/Character/Materials/M_Male_Body.uasset" 31
"D:/Proiecte/UE4/First_Game_2/Content/Mannequin/Character/Materials/M_UE4Man_ChestLogo.uasset" 32
"D:/Proiecte/UE4/First_Game_2/Content/Mannequin/Character/Mesh/SK_Mannequin.uasset" 33
"D:/Proiecte/UE4/First_Game_2/Content/Mannequin/Character/Mesh/SK_Mannequin_Female_PhysicsAsset.uasset" 34
"D:/Proiecte/UE4/First_Game_2/Content/Mannequin/Character/Textures/T_Female_N.uasset" 35
"D:/Proiecte/UE4/First_Game_2/Content/Mannequin/Character/Textures/T_Female_Mask.uasset" 36
"D:/Proiecte/UE4/First_Game_2/Content/Mannequin/Character/Materials/MI_Female_Body.uasset" 37
"D:/Proiecte/UE4/First_Game_2/Content/Mannequin/Character/Mesh/SK_Mannequin_Female.uasset" 38
"D:/Proiecte/UE4/First_Game_2/Content/ThirdPerson/Meshes/RampMaterial.uasset" 39
"D:/Proiecte/UE4/First_Game_2/Content/ThirdPerson/Meshes/Bump_StaticMesh.uasset" 40
"D:/Proiecte/UE4/First_Game_2/Content/ThirdPerson/Meshes/LeftArm_StaticMesh.uasset" 41
"D:/Proiecte/UE4/First_Game_2/Content/ThirdPerson/Meshes/Linear_Stair_StaticMesh.uasset" 42
"D:/Proiecte/UE4/First_Game_2/Content/ThirdPerson/Meshes/Ramp_StaticMesh.uasset" 43
"D:/Proiecte/UE4/First_Game_2/Content/ThirdPerson/Meshes/RightArm_StaticMesh.uasset" 44
"D:/Proiecte/UE4/First_Game_2/Content/ThirdPersonBP/ThirdPersonOverview.uasset" 45
"D:/Proiecte/UE4/First_Game_2/Content/ThirdPersonBP/Blueprints/Sunete/Sunet_Aruncare_Magica.uasset" 46
"D:/Proiecte/UE4/First_Game_2/Content/ThirdPersonBP/Blueprints/Soricel_Schelet/Ch14_nonPBR_PhysicsAsset.uasset" 47
"D:/Proiecte/UE4/First_Game_2/Content/ThirdPersonBP/Blueprints/Soricel_Schelet/Ch14_1001_Specular.uasset" 48
"D:/Proiecte/UE4/First_Game_2/Content/ThirdPersonBP/Blueprints/Soricel_Schelet/Ch14_1001_Normal.uasset" 49
"D:/Proiecte/UE4/First_Game_2/Content/ThirdPersonBP/Blueprints/Soricel_Schelet/Ch14_1001_Glossiness.uasset" 50
"D:/Proiecte/UE4/First_Game_2/Content/ThirdPersonBP/Blueprints/Soricel_Schelet/Ch14_1001_Diffuse.uasset" 51
"D:/Proiecte/UE4/First_Game_2/Content/ThirdPersonBP/Blueprints/Soricel_Schelet/Ch14_Body.uasset" 52
"D:/Proiecte/UE4/First_Game_2/Content/ThirdPersonBP/Blueprints/Soricel_Schelet/Ch14_nonPBR_Skeleton.uasset" 53
"D:/Proiecte/UE4/First_Game_2/Content/ThirdPersonBP/Blueprints/Soricel_Schelet/Ch14_nonPBR.uasset" 54
"../../../Engine/Content/Animation/DefaultAnimCurveCompressionSettings.uasset" 55
"../../../Engine/Content/Animation/DefaultAnimBoneCompressionSettings.uasset" 56
"D:/Proiecte/UE4/First_Game_2/Content/ThirdPersonBP/Blueprints/Animatii_Soricel/Soricel_Dancing.uasset" 57
"D:/Proiecte/UE4/First_Game_2/Content/ThirdPersonBP/Blueprints/Animatii_Soricel/Happy_Idle.uasset" 58
"D:/Proiecte/UE4/First_Game_2/Content/ThirdPersonBP/Blueprints/Animatii_Soricel/Dwarf_Walk.uasset" 59
"D:/Proiecte/UE4/First_Game_2/Content/ThirdPersonBP/Blueprints/Animatii_Soricel/Drunk_Run_Forward.uasset" 60
"D:/Proiecte/UE4/First_Game_2/Content/ThirdPersonBP/Blueprints/Animatii_Soricel/Soricel_IdleRun.uasset" 61
"D:/Proiecte/UE4/First_Game_2/Content/ThirdPersonBP/Blueprints/Animatii_Soricel/Jump.uasset" 62
"D:/Proiecte/UE4/First_Game_2/Content/ThirdPersonBP/Blueprints/Animatii_Soricel/Casting_Spell.uasset" 63
"D:/Proiecte/UE4/First_Game_2/Content/ThirdPersonBP/Blueprints/Animatii_Soricel/Animatie_soricel.uasset" 64
"D:/Proiecte/UE4/First_Game_2/Content/InfinityBladeEffects/Effects/FX_Textures/Spark/T_Sparks_04_SubUV_1_4.uasset" 65
"../../../Engine/Content/EngineResources/Black.uasset" 66
"D:/Proiecte/UE4/First_Game_2/Content/InfinityBladeEffects/Effects/Masters/M_Add_Sprite_SubUV_Master.uasset" 67
"D:/Proiecte/UE4/First_Game_2/Content/InfinityBladeEffects/Effects/FX_Materials/Spark/M_Spark_04_SubUV_1_4_INST.uasset" 68
"D:/Proiecte/UE4/First_Game_2/Content/InfinityBladeEffects/Effects/FX_Textures/Fire/T_Fire_subUV_6X6.uasset" 69
"D:/Proiecte/UE4/First_Game_2/Content/InfinityBladeEffects/Effects/FX_Materials/Fire/M_Fire_01_Add_6X6_INST.uasset" 70
"D:/Proiecte/UE4/First_Game_2/Content/ThirdPersonBP/Blueprints/ProjectileEffects.uasset" 71
"../../../Engine/Content/EngineMaterials/T_Default_Material_Grid_N.uasset" 72
"../../../Engine/Content/EngineMaterials/T_Default_Material_Grid_M.uasset" 73
"../../../Engine/Content/Functions/Engine_MaterialFunctions01/Opacity/CameraDepthFade.uasset" 74
"../../../Engine/Content/EngineMaterials/DefaultMaterial.uasset" 75
"../../../Engine/Content/BasicShapes/Sphere.uasset" 76
"D:/Proiecte/UE4/First_Game_2/Content/InfinityBladeEffects/Effects/FX_Textures/Fire/T_FireTrailBlueTile.uasset" 77
"D:/Proiecte/UE4/First_Game_2/Content/InfinityBladeEffects/Effects/FX_Materials/Mobile/M_Fire_Trans_TilePan_2sided_Blue.uasset" 78
"D:/Proiecte/UE4/First_Game_2/Content/ThirdPersonBP/Blueprints/MagicProjectile.uasset" 79
"D:/Proiecte/UE4/First_Game_2/Content/ThirdPersonBP/Blueprints/Zana/Personaj/Zana_character_PhysicsAsset.uasset" 80
"D:/Proiecte/UE4/First_Game_2/Content/ThirdPersonBP/Blueprints/Zana/Personaj/Ch34_1001_Specular.uasset" 81
"D:/Proiecte/UE4/First_Game_2/Content/ThirdPersonBP/Blueprints/Zana/Personaj/Ch34_1001_Normal.uasset" 82
"D:/Proiecte/UE4/First_Game_2/Content/ThirdPersonBP/Blueprints/Zana/Personaj/Ch34_1001_Glossiness.uasset" 83
"D:/Proiecte/UE4/First_Game_2/Content/ThirdPersonBP/Blueprints/Zana/Personaj/Ch34_1001_Diffuse.uasset" 84
"D:/Proiecte/UE4/First_Game_2/Content/ThirdPersonBP/Blueprints/Zana/Personaj/phong1.uasset" 85
"D:/Proiecte/UE4/First_Game_2/Content/ThirdPersonBP/Blueprints/Zana/Personaj/Zana_character_Skeleton.uasset" 86
"D:/Proiecte/UE4/First_Game_2/Content/ThirdPersonBP/Blueprints/Zana/Personaj/Zana_character.uasset" 87
"D:/Proiecte/UE4/First_Game_2/Content/ThirdPersonBP/Blueprints/Zana/Animatii/Zana_Dancing.uasset" 88
"D:/Proiecte/UE4/First_Game_2/Content/ThirdPersonBP/Blueprints/Zana/Animatii/Zana_Idle.uasset" 89
"D:/Proiecte/UE4/First_Game_2/Content/ThirdPersonBP/Blueprints/Zana/Animatii/Zana_AnimationBP.uasset" 90
"D:/Proiecte/UE4/First_Game_2/Content/ThirdPersonBP/Blueprints/Zana/Personaj/Zana_BP.uasset" 91
"D:/Proiecte/UE4/First_Game_2/Content/ThirdPersonBP/Blueprints/ThirdPersonCharacter.uasset" 92
"D:/Proiecte/UE4/First_Game_2/Content/ThirdPersonBP/Blueprints/ThirdPersonGameMode.uasset" 93
"D:/Proiecte/UE4/First_Game_2/Content/ThirdPersonBP/Blueprints/Animatii_Soricel/Running_Jump.uasset" 94
"D:/Proiecte/UE4/First_Game_2/Content/ThirdPersonBP/Blueprints/Prieten/Personaj/Ghror_char_Skeleton.uasset" 95
"D:/Proiecte/UE4/First_Game_2/Content/ThirdPersonBP/Blueprints/Prieten/Animatii/Ghror_Dead.uasset" 96
"D:/Proiecte/UE4/First_Game_2/Content/ThirdPersonBP/Blueprints/Prieten/Animatii/GhrorDeathMontage.uasset" 97
"D:/Proiecte/UE4/First_Game_2/Content/ThirdPersonBP/Blueprints/Prieten/Personaj/Ghror_char_Anim_mixamo_com.uasset" 98
"D:/Proiecte/UE4/First_Game_2/Content/ThirdPersonBP/Blueprints/Prieten/Personaj/Ghror_char_Anim_Take_001.uasset" 99
"D:/Proiecte/UE4/First_Game_2/Content/ThirdPersonBP/Blueprints/Soricel/Schelet/Ch14_nonPBR_Skeleton.uasset" 100
"D:/Proiecte/UE4/First_Game_2/Content/ThirdPersonBP/Blueprints/Soricel/Schelet/Ch14_nonPBR_PhysicsAsset.uasset" 101
"D:/Proiecte/UE4/First_Game_2/Content/ThirdPersonBP/Blueprints/Soricel/Schelet/Ch14_1001_Specular.uasset" 102
"D:/Proiecte/UE4/First_Game_2/Content/ThirdPersonBP/Blueprints/Soricel/Schelet/Ch14_1001_Normal.uasset" 103
"D:/Proiecte/UE4/First_Game_2/Content/ThirdPersonBP/Blueprints/Soricel/Schelet/Ch14_1001_Glossiness.uasset" 104
"D:/Proiecte/UE4/First_Game_2/Content/ThirdPersonBP/Blueprints/Soricel/Schelet/Ch14_1001_Diffuse.uasset" 105
"D:/Proiecte/UE4/First_Game_2/Content/ThirdPersonBP/Blueprints/Soricel/Schelet/Ch14_Body.uasset" 106
"D:/Proiecte/UE4/First_Game_2/Content/ThirdPersonBP/Blueprints/Soricel/Schelet/Ch14_nonPBR.uasset" 107
"D:/Proiecte/UE4/First_Game_2/Content/ThirdPersonBP/Blueprints/Soricel/Schelet/Ch14_nonPBR_SkeletonRig.uasset" 108
"../../../Engine/Content/EngineMaterials/WorldGridMaterial.uasset" 109
"../../../Engine/Content/ArtTools/RenderToTexture/Meshes/S_1_Unit_Plane.uasset" 110
"../../../Engine/Content/BasicShapes/Cone.uasset" 111
"../../../Engine/Content/BasicShapes/Cube.uasset" 112
"../../../Engine/Content/BasicShapes/Plane.uasset" 113
"../../../Engine/Content/EditorLandscapeResources/DataLayer.uasset" 114
"../../../Engine/Content/EditorLandscapeResources/DefaultAlphaTexture.uasset" 115
"../../../Engine/Content/EditorMaterials/MAT_Groups_Toggle.uasset" 116
"../../../Engine/Content/EditorMaterials/MAT_Groups_Visibility.uasset" 117
"../../../Engine/Content/EditorMaterials/PreviewShadowIndicator.uasset" 118
"../../../Engine/Content/EditorMaterials/PreviewShadowIndicatorMaterial.uasset" 119
"../../../Engine/Content/EditorMaterials/MatineeGroups/MAT_ColorTrack.uasset" 120
"../../../Engine/Content/EditorMaterials/MatineeGroups/MAT_Groups_Anim.uasset" 121
"../../../Engine/Content/EditorMaterials/MatineeGroups/MAT_Groups_AudioMaster.uasset" 122
"../../../Engine/Content/EditorMaterials/MatineeGroups/MAT_Groups_Director.uasset" 123
"../../../Engine/Content/EditorMaterials/MatineeGroups/MAT_Groups_Event.uasset" 124
"../../../Engine/Content/EditorMaterials/MatineeGroups/MAT_Groups_Fade.uasset" 125
"../../../Engine/Content/EditorMaterials/MatineeGroups/MAT_Groups_Float.uasset" 126
"../../../Engine/Content/EditorMaterials/MatineeGroups/MAT_Groups_Move.uasset" 127
"../../../Engine/Content/EditorMaterials/MatineeGroups/MAT_Groups_Slomo.uasset" 128
"../../../Engine/Content/EditorMaterials/MatineeGroups/MAT_Groups_Sound.uasset" 129
"../../../Engine/Content/EditorMaterials/MatineeGroups/MAT_Groups_Vector.uasset" 130
"../../../Engine/Content/EditorMaterials/ParticleSystems/PSysThumbnail_NoImage.uasset" 131
"../../../Engine/Content/EditorMaterials/ParticleSystems/PSysThumbnail_OOD.uasset" 132
"../../../Engine/Content/EditorMaterials/Camera/CineMat.uasset" 133
"../../../Engine/Content/EditorMaterials/Camera/MI_CineMat_Rig.uasset" 134
"../../../Engine/Content/EditorMeshes/Camera/SM_CraneRig_Arm.uasset" 135
"../../../Engine/Content/EditorMeshes/Camera/SM_CraneRig_Base.uasset" 136
"../../../Engine/Content/EditorMeshes/Camera/SM_CraneRig_Body.uasset" 137
"../../../Engine/Content/EditorMeshes/Camera/SM_CraneRig_Mount.uasset" 138
"../../../Engine/Content/EditorMeshes/Camera/SM_RailRig_Mount.uasset" 139
"../../../Engine/Content/EditorMeshes/Camera/SM_RailRig_Track.uasset" 140
"../../../Engine/Content/EditorResources/BSPVertex.uasset" 141
"../../../Engine/Content/EditorResources/EmptyActor.uasset" 142
"../../../Engine/Content/EditorResources/S_Actor.uasset" 143
"../../../Engine/Content/EditorResources/S_Note.uasset" 144
"../../../Engine/Content/EditorResources/S_Solver.uasset" 145
"../../../Engine/Content/EditorResources/S_Terrain.uasset" 146
"../../../Engine/Content/EditorResources/S_Trigger.uasset" 147
"../../../Engine/Content/EditorResources/LightIcons/S_LightError.uasset" 148
"../../../Engine/Content/EditorResources/SequenceRecorder/Countdown.uasset" 149
"../../../Engine/Content/EditorResources/SequenceRecorder/RecordingIndicator.uasset" 150
"../../../Engine/Content/EngineDamageTypes/DmgTypeBP_Environmental.uasset" 151
"../../../Engine/Content/EngineDebugMaterials/DebugEditorMaterial.uasset" 152
"../../../Engine/Content/EngineDebugMaterials/DebugMeshMaterial.uasset" 153
"../../../Engine/Content/EngineDebugMaterials/M_SimpleUnlitTranslucent.uasset" 154
"../../../Engine/Content/EngineDebugMaterials/VolumeToRender.uasset" 155
"../../../Engine/Content/Functions/Engine_MaterialFunctions02/Utility/CameraDirectionVector.uasset" 156
"../../../Engine/Content/EngineDebugMaterials/M_VolumeRenderSphereTracePP.uasset" 157
"../../../Engine/Content/Functions/Engine_MaterialFunctions01/Shading/ConvertFromDiffSpec.uasset" 158
"../../../Engine/Content/EngineDebugMaterials/VertexColorMaterial.uasset" 159
"../../../Engine/Content/EngineDebugMaterials/WireframeMaterial.uasset" 160
"../../../Engine/Content/EngineFonts/Faces/RobotoRegular.uasset" 161
"../../../Engine/Content/EngineFonts/Faces/RobotoLight.uasset" 162
"../../../Engine/Content/EngineFonts/Faces/RobotoItalic.uasset" 163
"../../../Engine/Content/EngineFonts/Faces/RobotoBoldItalic.uasset" 164
"../../../Engine/Content/EngineFonts/Faces/RobotoBold.uasset" 165
"../../../Engine/Content/EngineFonts/Faces/DroidSansFallback.uasset" 166
"../../../Engine/Content/EngineFonts/Roboto.uasset" 167
"../../../Engine/Content/EngineMaterials/BaseFlattenNormalMap.uasset" 168
"../../../Engine/Content/EngineMaterials/BaseFlattenGrayscaleMap.uasset" 169
"../../../Engine/Content/EngineMaterials/BaseFlattenEmissiveMap.uasset" 170
"../../../Engine/Content/EngineMaterials/BaseFlattenDiffuseMap.uasset" 171
"../../../Engine/Content/EngineMaterials/BaseFlattenMaterial.uasset" 172
"../../../Engine/Content/EngineMaterials/BlueNoise.uasset" 173
"../../../Engine/Content/EngineMaterials/DefaultBloomKernel.uasset" 174
"../../../Engine/Content/EngineMaterials/DefaultBokeh.uasset" 175
"../../../Engine/Content/EngineMaterials/DefaultDiffuse.uasset" 176
"../../../Engine/Content/EngineMaterials/DefaultDeferredDecalMaterial.uasset" 177
"../../../Engine/Content/EngineMaterials/DefaultLightFunctionMaterial.uasset" 178
"../../../Engine/Content/Functions/Engine_MaterialFunctions02/Utility/BreakOutFloat2Components.uasset" 179
"../../../Engine/Content/EngineMaterials/DefaultPostProcessMaterial.uasset" 180
"../../../Engine/Content/EngineFonts/RobotoDistanceField.uasset" 181
"../../../Engine/Content/EngineMaterials/DefaultTextMaterialOpaque.uasset" 182
"../../../Engine/Content/EngineMaterials/DefaultWhiteGrid.uasset" 183
"../../../Engine/Content/EngineMaterials/DefaultWhiteGrid_Low.uasset" 184
"../../../Engine/Content/EngineMaterials/EmissiveMeshMaterial.uasset" 185
"../../../Engine/Content/EngineMaterials/GizmoMaterial.uasset" 186
"../../../Engine/Content/EngineMaterials/Good64x64TilingNoiseHighFreq.uasset" 187
"../../../Engine/Content/EngineMaterials/MiniFont.uasset" 188
"../../../Engine/Content/EngineMaterials/InvalidLightmapSettings.uasset" 189
"../../../Engine/Content/EngineMaterials/M_InvalidLightmapSettings.uasset" 190
"../../../Engine/Content/Functions/Engine_MaterialFunctions02/WorldPositionOffset/CameraOffset.uasset" 191
"../../../Engine/Content/EngineMaterials/PhAT_JointLimitMaterial.uasset" 192
"../../../Engine/Content/EngineMaterials/PreintegratedSkinBRDF.uasset" 193
"../../../Engine/Content/EngineMaterials/RemoveSurfaceMaterial.uasset" 194
"../../../Engine/Content/EngineResources/WhiteSquareTexture.uasset" 195
"../../../Engine/Content/EngineMaterials/Widget3DPassThrough.uasset" 196
"../../../Engine/Content/EngineMaterials/Widget3DPassThrough_Masked.uasset" 197
"../../../Engine/Content/EngineMaterials/Widget3DPassThrough_Opaque.uasset" 198
"../../../Engine/Content/EngineMaterials/Widget3DPassThrough_Masked_OneSided.uasset" 199
"../../../Engine/Content/EngineMaterials/Widget3DPassThrough_Opaque_OneSided.uasset" 200
"../../../Engine/Content/EngineMaterials/Widget3DPassThrough_Translucent.uasset" 201
"../../../Engine/Content/EngineMaterials/Widget3DPassThrough_Translucent_OneSided.uasset" 202
"../../../Engine/Content/EngineMeshes/Cylinder.uasset" 203
"../../../Engine/Content/EngineMeshes/Sphere.uasset" 204
"../../../Engine/Content/EngineResources/DefaultTextureCube.uasset" 205
"../../../Engine/Content/EngineResources/DefaultVolumeTexture2D.uasset" 206
"../../../Engine/Content/EngineResources/DefaultVolumeTexture.uasset" 207
"../../../Engine/Content/EngineResources/GradientTexture0.uasset" 208
"../../../Engine/Content/EngineSky/VolumetricClouds/T_NoiseShape64.uasset" 209
"../../../Engine/Content/EngineSky/VolumetricClouds/T_VolumeNoiseShape64.uasset" 210
"../../../Engine/Content/EngineSky/VolumetricClouds/T_NoiseErosion.uasset" 211
"../../../Engine/Content/EngineSky/VolumetricClouds/T_VolumeNoiseErosion32.uasset" 212
"../../../Engine/Content/EngineSky/VolumetricClouds/CloudWeatherTexture.uasset" 213
"../../../Engine/Content/EngineSky/VolumetricClouds/CloudGradientTexture.uasset" 214
"../../../Engine/Content/Functions/Engine_MaterialFunctions02/Utility/MakeFloat2.uasset" 215
"../../../Engine/Content/EngineSky/VolumetricClouds/m_SimpleVolumetricCloud.uasset" 216
"../../../Engine/Content/EngineSky/VolumetricClouds/m_SimpleVolumetricCloud_Inst.uasset" 217
"../../../Engine/Content/EngineSounds/Master.uasset" 218
"../../../Engine/Content/Functions/Engine_MaterialFunctions01/Shading/PowerToRoughness.uasset" 219
"../../../Engine/Content/Maps/Templates/Thumbnails/Default.uasset" 220
"../../../Engine/Content/Maps/Templates/Thumbnails/TimeOfDay.uasset" 221
"../../../Engine/Content/Maps/Templates/Thumbnails/VR-Basic.uasset" 222
"../../../Engine/Content/MobileResources/T_MobileControls_texture.uasset" 223
"../../../Engine/Content/MobileResources/T_MobileMenu2.uasset" 224
"../../../Engine/Content/MobileResources/HUD/AnalogHat.uasset" 225
"../../../Engine/Content/MobileResources/HUD/VirtualJoystick_Thumb.uasset" 226
"../../../Engine/Content/MobileResources/HUD/VirtualJoystick_Background.uasset" 227
"../../../Engine/Content/MobileResources/HUD/DefaultVirtualJoysticks.uasset" 228
"../../../Engine/Content/MobileResources/HUD/LeftVirtualJoystickOnly.uasset" 229
"../../../Engine/Content/MobileResources/HUD/MobileHUDButton1_off.uasset" 230
"../../../Engine/Content/MobileResources/HUD/MobileHUDButton1_on.uasset" 231
"../../../Engine/Content/MobileResources/HUD/MobileHUDButton2_off.uasset" 232
"../../../Engine/Content/MobileResources/HUD/MobileHUDButton2_on.uasset" 233
"../../../Engine/Content/MobileResources/HUD/MobileHUDButton3.uasset" 234
"../../../Engine/Content/MobileResources/HUD/MobileHUDButtonFire.uasset" 235
"../../../Engine/Content/MobileResources/HUD/MobileHUDDirectionPad.uasset" 236
"../../../Engine/Content/MobileResources/HUD/MobileHUDDirectionPad2.uasset" 237
"../../../Engine/Content/MobileResources/HUD/MobileHUDDirectionPad3.uasset" 238
"../../../Engine/Content/MobileResources/HUD/MobileHUDDirectionStick.uasset" 239
"../../../Engine/Content/MobileResources/HUD/T_Castle_ThumbstickInner.uasset" 240
"../../../Engine/Content/MobileResources/HUD/T_Castle_ThumbstickOutter.uasset" 241
"../../../Engine/Content/Tutorial/ContentIntroCurve.uasset" 242
"../../../Engine/Content/Tutorial/Basics/LevelEditorAttract.uasset" 243
"../../../Engine/Content/Tutorial/Basics/TutorialAssets/icon_tab_Levels_40x.uasset" 244
"../../../Engine/Content/Tutorial/Basics/LevelEditorOverview.uasset" 245
"../../../Engine/Content/Tutorial/BlueprintTutorials/TutorialAssets/Blueprint_64x.uasset" 246
"../../../Engine/Content/Tutorial/BlueprintTutorials/BlueprintEditorTutorial.uasset" 247
"../../../Engine/Content/Tutorial/BlueprintTutorials/LevelBlueprintEditorOverview.uasset" 248
"../../../Engine/Content/Tutorial/Code/AddingCode.uasset" 249
"../../../Engine/Content/Tutorial/Installation/InstallingVisualStudioTutorial.uasset" 250
"../../../Engine/Content/VREditor/TransformGizmo/TranslucentTransformGizmoMaterial.uasset" 251
"../../../Engine/Content/VREditor/LaserPointer/VR_LaserPower_01.uasset" 252
"../../../Engine/Content/VREditor/TransformGizmo/TransformGizmoMaterial.uasset" 253
"../../../Engine/Content/VREditor/TransformGizmo/BoundingBoxCorner.uasset" 254
"../../../Engine/Content/VREditor/TransformGizmo/BoundingBoxEdge.uasset" 255
"../../../Engine/Content/VREditor/TransformGizmo/PlaneTranslationHandle.uasset" 256
"../../../Engine/Content/VREditor/TransformGizmo/Xray.uasset" 257
"../../../Engine/Content/VREditor/TransformGizmo/Main.uasset" 258
"../../../Engine/Content/VREditor/TransformGizmo/SM_Sequencer_Key.uasset" 259
"../../../Engine/Content/VREditor/TransformGizmo/SM_Sequencer_Node.uasset" 260
"../../Plugins/2D/Paper2D/Content/PlaceholderTextures/DummySpriteTexture.uasset" 261
"../../Plugins/2D/Paper2D/Content/DummySprite.uasset" 262
"../../Plugins/2D/Paper2D/Content/DefaultPaperTerrainMaterial.uasset" 263
"../../Plugins/2D/Paper2D/Content/DefaultSpriteMaterial.uasset" 264
"../../Plugins/2D/Paper2D/Content/MaskedUnlitSpriteMaterial.uasset" 265
"../../Plugins/2D/Paper2D/Content/OpaqueUnlitSpriteMaterial.uasset" 266
"../../../Engine/Content/Functions/Engine_MaterialFunctions02/Utility/BreakOutFloat3Components.uasset" 267
"../../Plugins/Editor/SpeedTreeImporter/Content/SpeedTree9/UnpackInteger3.uasset" 268
"../../Plugins/Editor/SpeedTreeImporter/Content/SpeedTree9/UnpackDirection.uasset" 269
"../../Plugins/Editor/SpeedTreeImporter/Content/SpeedTree9/game_wind_noise.uasset" 270
"../../../Engine/Content/Functions/Engine_MaterialFunctions02/SafeNormalize.uasset" 271
"../../Plugins/Editor/SpeedTreeImporter/Content/SpeedTree9/SpeedTreeWindMotion.uasset" 272
"../../Plugins/Editor/SpeedTreeImporter/Content/SpeedTree9/SpeedTreeBranchMotion.uasset" 273
"../../../Engine/Content/Functions/Engine_MaterialFunctions02/ObjectLocalBounds.uasset" 274
"../../../Engine/Content/Functions/Engine_MaterialFunctions02/UVs/BoundingBoxBased_0-1_UVW.uasset" 275
"../../Plugins/Editor/SpeedTreeImporter/Content/SpeedTree9/SpeedTreeWind.uasset" 276
"../../Plugins/Editor/SpeedTreeImporter/Content/SpeedTree9/SpeedTreeBillboard.uasset" 277
"../../../Engine/Content/EngineResources/DefaultTexture.uasset" 278
"../../Plugins/Editor/SpeedTreeImporter/Content/SpeedTree9/SpeedTreeBillboardMaster.uasset" 279
"../../Plugins/Editor/SpeedTreeImporter/Content/SpeedTree9/SpeedTreeCameraFacing.uasset" 280
"../../Plugins/Editor/SpeedTreeImporter/Content/SpeedTree9/SpeedTreeMaster.uasset" 281
"../../../Engine/Content/BasicShapes/Cylinder.uasset" 282
"../../../Engine/Content/ArtTools/RenderToTexture/Materials/Debug/M_Emissive_Color.uasset" 283
"../../Plugins/Lumin/MagicLeapPassableWorld/Content/MagicLeapARPinInfoActor.uasset" 284
"../../../Engine/Content/Functions/Engine_MaterialFunctions02/Utility/BreakOutFloat4Components.uasset" 285
"../../../Engine/Content/Functions/Engine_MaterialFunctions02/Utility/MakeFloat3.uasset" 286
"../../Plugins/Runtime/Oculus/OculusVR/Content/Materials/OculusMR_ChromaKey.uasset" 287
"../../Plugins/Runtime/Oculus/OculusVR/Content/Materials/OculusMR_OpaqueColoredMaterial.uasset" 288
"../../Plugins/Runtime/Oculus/OculusVR/Content/Materials/PokeAHoleMaterial.uasset" 289
"D:/Proiecte/UE4/First_Game_2/Content/Widget/Controls.uasset" 290
"D:/Proiecte/UE4/First_Game_2/Content/Widget/Menu.uasset" 291
"D:/Proiecte/UE4/First_Game_2/Content/ThirdPersonBP/Blueprints/Prieten/Personaj/Ghror_char_PhysicsAsset.uasset" 292
"D:/Proiecte/UE4/First_Game_2/Content/ThirdPersonBP/Blueprints/Prieten/Personaj/Ch19_1001_Specular.uasset" 293
"D:/Proiecte/UE4/First_Game_2/Content/ThirdPersonBP/Blueprints/Prieten/Personaj/Ch19_1001_Normal.uasset" 294
"D:/Proiecte/UE4/First_Game_2/Content/ThirdPersonBP/Blueprints/Prieten/Personaj/Ch19_1001_Glossiness.uasset" 295
"D:/Proiecte/UE4/First_Game_2/Content/ThirdPersonBP/Blueprints/Prieten/Personaj/Ch19_1001_Diffuse.uasset" 296
"D:/Proiecte/UE4/First_Game_2/Content/ThirdPersonBP/Blueprints/Prieten/Personaj/Ch19_Body.uasset" 297
"D:/Proiecte/UE4/First_Game_2/Content/ThirdPersonBP/Blueprints/Prieten/Personaj/Ghror_char.uasset" 298
"D:/Proiecte/UE4/First_Game_2/Content/ThirdPersonBP/Blueprints/Prieten/Animatii/Ghror_Walking.uasset" 299
"D:/Proiecte/UE4/First_Game_2/Content/ThirdPersonBP/Blueprints/Prieten/Animatii/Ghror_Running.uasset" 300
"D:/Proiecte/UE4/First_Game_2/Content/ThirdPersonBP/Blueprints/Prieten/Animatii/Ghror_Idle.uasset" 301
"D:/Proiecte/UE4/First_Game_2/Content/ThirdPersonBP/Blueprints/Prieten/Animatii/Ghror_IdleRun_BendSpace.uasset" 302
"D:/Proiecte/UE4/First_Game_2/Content/ThirdPersonBP/Blueprints/Prieten/Animatii/Ghror_Dancing.uasset" 303
"D:/Proiecte/UE4/First_Game_2/Content/ThirdPersonBP/Blueprints/Prieten/Animatii/Ghror_Animation.uasset" 304
"D:/Proiecte/UE4/First_Game_2/Content/ThirdPersonBP/Blueprints/Sunete/Sunet_Ghror_Prins.uasset" 305
"D:/Proiecte/UE4/First_Game_2/Content/ThirdPersonBP/Blueprints/Inamic/Personaj/mremireh_o_desbiens_PhysicsAsset.uasset" 306
"D:/Proiecte/UE4/First_Game_2/Content/ThirdPersonBP/Blueprints/Inamic/Personaj/mremireh_shoe_specular.uasset" 307
"D:/Proiecte/UE4/First_Game_2/Content/ThirdPersonBP/Blueprints/Inamic/Personaj/mremireh_shoe_normal.uasset" 308
"D:/Proiecte/UE4/First_Game_2/Content/ThirdPersonBP/Blueprints/Inamic/Personaj/mremireh_shoe_diffuse.uasset" 309
"D:/Proiecte/UE4/First_Game_2/Content/ThirdPersonBP/Blueprints/Inamic/Personaj/emireh_shoe_material.uasset" 310
"D:/Proiecte/UE4/First_Game_2/Content/ThirdPersonBP/Blueprints/Inamic/Personaj/mremireh_body_specular.uasset" 311
"D:/Proiecte/UE4/First_Game_2/Content/ThirdPersonBP/Blueprints/Inamic/Personaj/mremireh_body_normal.uasset" 312
"D:/Proiecte/UE4/First_Game_2/Content/ThirdPersonBP/Blueprints/Inamic/Personaj/mremireh_body__diffuse.uasset" 313
"D:/Proiecte/UE4/First_Game_2/Content/ThirdPersonBP/Blueprints/Inamic/Personaj/emireh_body_material.uasset" 314
"D:/Proiecte/UE4/First_Game_2/Content/ThirdPersonBP/Blueprints/Inamic/Personaj/mremireh_o_desbiens_Skeleton.uasset" 315
"D:/Proiecte/UE4/First_Game_2/Content/ThirdPersonBP/Blueprints/Inamic/Personaj/mremireh_o_desbiens.uasset" 316
"D:/Proiecte/UE4/First_Game_2/Content/ThirdPersonBP/Blueprints/Inamic/Animatii/Monstrulet_Sad.uasset" 317
"D:/Proiecte/UE4/First_Game_2/Content/ThirdPersonBP/Blueprints/Inamic/Animatii/Run_Monstrulet.uasset" 318
"D:/Proiecte/UE4/First_Game_2/Content/ThirdPersonBP/Blueprints/Inamic/Animatii/Idle_Monstrulet.uasset" 319
"D:/Proiecte/UE4/First_Game_2/Content/ThirdPersonBP/Blueprints/Inamic/Animatii/IdleRun_Blendspace_Monstrulet.uasset" 320
"D:/Proiecte/UE4/First_Game_2/Content/ThirdPersonBP/Blueprints/Inamic/Animatii/Monstrulet_Injured_Run.uasset" 321
"D:/Proiecte/UE4/First_Game_2/Content/ThirdPersonBP/Blueprints/Inamic/Animatii/IdleHurtRun_Blendspace_Monstrulet.uasset" 322
"D:/Proiecte/UE4/First_Game_2/Content/ThirdPersonBP/Blueprints/Inamic/Animatii/Monstrulet_Petting.uasset" 323
"D:/Proiecte/UE4/First_Game_2/Content/ThirdPersonBP/Blueprints/Inamic/Animatii/Monstrulet_Hurt.uasset" 324
"D:/Proiecte/UE4/First_Game_2/Content/ThirdPersonBP/Blueprints/Inamic/Animatii/Monstrulet_Excited.uasset" 325
"D:/Proiecte/UE4/First_Game_2/Content/ThirdPersonBP/Blueprints/Inamic/Animatii/Death_Monstrulet.uasset" 326
"D:/Proiecte/UE4/First_Game_2/Content/ThirdPersonBP/Blueprints/Inamic/Animatii/Animatie_Monstrulet.uasset" 327
"D:/Proiecte/UE4/First_Game_2/Content/ThirdPersonBP/Blueprints/Inamic/Inamic.uasset" 328
"D:/Proiecte/UE4/First_Game_2/Content/ThirdPersonBP/Blueprints/Prieten/Personaj/Ghror_BP.uasset" 329
"D:/Proiecte/UE4/First_Game_2/Content/Widget/Intro.uasset" 330
"D:/Proiecte/UE4/First_Game_2/Content/KiteDemo/Environments/GroundTiles/RockyPath/T_GDC_StonePath_Tile_N.uasset" 331
"D:/Proiecte/UE4/First_Game_2/Content/KiteDemo/Environments/GroundTiles/RockyPath/T_GDC_StonePath_Tile_H.uasset" 332
"D:/Proiecte/UE4/First_Game_2/Content/KiteDemo/Environments/GroundTiles/RockFace003/T_GDC_RockFace003_N.uasset" 333
"D:/Proiecte/UE4/First_Game_2/Content/KiteDemo/Environments/GroundTiles/RockFace003/T_GDC_RockFace003_D_R.uasset" 334
"D:/Proiecte/UE4/First_Game_2/Content/KiteDemo/Environments/GroundTiles/Grass/T_Ground_Grass_N.uasset" 335
"D:/Proiecte/UE4/First_Game_2/Content/KiteDemo/Environments/GroundTiles/Grass/T_GDC_Grass01_D_NoisyAlpha.uasset" 336
"../../../Engine/Content/EngineSky/T_Sky_Stars.uasset" 337
"../../../Engine/Content/EngineSky/T_Sky_Clouds_M.uasset" 338
"../../../Engine/Content/EngineSky/T_Sky_Blue.uasset" 339
"../../../Engine/Content/EngineMaterials/DefaultPhysicalMaterial.uasset" 340
"D:/Proiecte/UE4/First_Game_2/Content/ThirdPersonBP/Maps/ThirdPersonExampleMap_sharedassets/Baza_LayerInfo.uasset" 341
"D:/Proiecte/UE4/First_Game_2/Content/ThirdPersonBP/Maps/ThirdPersonExampleMap_sharedassets/Iarba_LayerInfo.uasset" 342
"../../../Engine/Content/EngineMaterials/WeightMapPlaceholderTexture.uasset" 343
"D:/Proiecte/UE4/First_Game_2/Content/Harta/NewWorld_BuiltData.uasset" 344
"D:/Proiecte/UE4/First_Game_2/Content/ThirdPersonBP/Maps/ThirdPersonExampleMap_sharedassets/Roca_LayerInfo.uasset" 345
"../../../Engine/Content/EngineSky/M_Sky_Panning_Clouds2.uasset" 346
"../../../Engine/Content/EngineSky/SM_SkySphere.uasset" 347
"../../../Engine/Content/EngineSky/C_Sky_Zenith_Color.uasset" 348
"../../../Engine/Content/EngineSky/C_Sky_Horizon_Color.uasset" 349
"../../../Engine/Content/EngineSky/C_Sky_Cloud_Color.uasset" 350
"../../../Engine/Content/EngineSky/BP_Sky_Sphere.uasset" 351
"D:/Proiecte/UE4/First_Game_2/Content/Materiale/LandscapeMaterial.uasset" 352
"D:/Proiecte/UE4/First_Game_2/Content/Harta/NewWorld.umap" 353
"D:/Proiecte/UE4/First_Game_2/Content/ThirdPersonBP/Maps/ThirdPersonExampleMap_BuiltData.uasset" 354
"D:/Proiecte/UE4/First_Game_2/Content/ThirdPersonBP/Maps/ThirdPersonExampleMap.umap" 355
"../../../Engine/Content/Maps/Entry_BuiltData.uasset" 356
"../../../Engine/Content/Maps/Entry.umap" 357
